<?xml version="1.0" encoding="UTF-8"?>
<!-- Generated by org.testng.reporters.JUnitReportReporter -->
<testsuite hostname="AU171TX" failures="0" tests="3" name="dataprovider.readingexcel" time="34.177" errors="0" timestamp="2022-10-17T21:46:42 BDT" skipped="0">
  <testcase classname="dataprovider.readingexcel" name="loginTest" time="9.405"/>
  <system-out/>
  <testcase classname="dataprovider.readingexcel" name="loginTest" time="14.893"/>
  <system-out/>
  <testcase classname="dataprovider.readingexcel" name="loginTest" time="9.879"/>
  <system-out/>
</testsuite> <!-- dataprovider.readingexcel -->
